<?xml version="1.0" encoding="UTF-8"?>
<!-- Generated by org.testng.reporters.JUnitXMLReporter -->
<testsuite ignored="0" hostname="DESKTOP-0VAADNS" failures="0" tests="5" name="Test" time="74.486" errors="0" timestamp="2024-07-10T12:53:55 IST">
  <testcase classname="tests.FourTest" name="fourTest" time="22.127"/>
  <testcase classname="tests.TwoTest" name="testTwo" time="12.811"/>
  <testcase classname="tests.ThreeTest" name="testThree" time="9.844"/>
  <testcase classname="tests.LoginTest" name="login" time="1.526"/>
  <testcase classname="tests.LoginTest" name="login" time="11.118"/>
</testsuite> <!-- Test -->
